

Version:	3.50
CmdLine:	C:\Users\63929\Documents\NetBeansProjects\InventorySystem\inventory.exe --l4j-debug
JNI:		No
WOW64:		Yes
Working dir:	C:\Users\63929\Documents\NetBeansProjects\InventorySystem\.
Requires JDK:	Yes
Requires 64-Bit: No
Java min ver:	1.000.004
Java max ver:	
Substitute:	JAVA_HOME = 
Substitute:	PATH = C:\Program Files (x86)\VMware\VMware Player\bin\;C:\Program Files\Common Files\Oracle\Java\javapath;C:\WINDOWS\system32;C:\WINDOWS;C:\WINDOWS\System32\Wbem;C:\WINDOWS\System32\WindowsPowerShell\v1.0\;C:\WINDOWS\System32\OpenSSH\;C:\Program Files (x86)\NVIDIA Corporation\PhysX\Common;C:\xampp;C:\MinGW\bin;C:\Program Files\Git\cmd;C:\xampp\php;C:\Users\Default\AppData\Roaming\Composer\vendor\bin;C:\Program Files (x86)\Inno Setup 6;C:\Program Files (x86)\Microsoft SQL Server\160\Tools\Binn\;C:\Program Files\Microsoft SQL Server\160\Tools\Binn\;C:\Program Files\Microsoft SQL Server\Client SDK\ODBC\170\Tools\Binn\;C:\Program Files\Microsoft SQL Server\160\DTS\Binn\;C:\Program Files (x86)\GnuWin32\bin;C:\GnuWin32\bin;C:\Users\63929\AppData\Local\Programs\Python\Python311\Scripts;C:\Users\63929\AppData\Local\Programs\Python\Python310;C:\Users\63929\Desktop\Programming\nssm-2.24\win64\nssm.exe;C:\Program Files\dotnet\;C:\Users\63929\AppData\Local\MiKTeX;C:\composer;C:\Program Files\HP\HP One Agent;C:\Program Files\nodejs\;C:\Program Files\NVIDIA Corporation\NVIDIA app\NvDLISR;C:\Users\63929\AppData\Local\Microsoft\WindowsApps;C:\Users\63929\AppData\Local\Programs\Microsoft VS Code\bin;C:\xampp;C:\MinGW\bin;C:\Program Files (x86)\Inno Setup 6;C:\Program Files (x86)\GnuWin32\bin;C:\GnuWin32\bin;C:\Users\63929\AppData\Local\Programs\Python\Python311;C:\Users\63929\AppData\Local\Programs\Python\Python311\Scripts;C:\Users\63929\AppData\Local\Programs\Python\Python310;C:\Users\63929\Desktop\Programming\nssm-2.24\win64\nssm.exe;C:\Users\63929\AppData\Local\MiKTeX;C:\Users\63929\AppData\Roaming\npm;C:\Program Files\Java\jdk-18.0.2.1\bin
JRE paths:	;C:\Program Files (x86)\VMware\VMware Player\bin\;C:\Program Files\Common Files\Oracle\Java\javapath;C:\WINDOWS\system32;C:\WINDOWS;C:\WINDOWS\System32\Wbem;C:\WINDOWS\System32\WindowsPowerShell\v1.0\;C:\WINDOWS\System32\OpenSSH\;C:\Program Files (x86)\NVIDIA Corporation\PhysX\Common;C:\xampp;C:\MinGW\bin;C:\Program Files\Git\cmd;C:\xampp\php;C:\Users\Default\AppData\Roaming\Composer\vendor\bin;C:\Program Files (x86)\Inno Setup 6;C:\Program Files (x86)\Microsoft SQL Server\160\Tools\Binn\;C:\Program Files\Microsoft SQL Server\160\Tools\Binn\;C:\Program Files\Microsoft SQL Server\Client SDK\ODBC\170\Tools\Binn\;C:\Program Files\Microsoft SQL Server\160\DTS\Binn\;C:\Program Files (x86)\GnuWin32\bin;C:\GnuWin32\bin;C:\Users\63929\AppData\Local\Programs\Python\Python311\Scripts;C:\Users\63929\AppData\Local\Programs\Python\Python310;C:\Users\63929\Desktop\Programming\nssm-2.24\win64\nssm.exe;C:\Program Files\dotnet\;C:\Users\63929\AppData\Local\MiKTeX;C:\composer;C:\Program Files\HP\HP One Agent;C:\Program Files\nodejs\;C:\Program Files\NVIDIA Corporation\NVIDIA app\NvDLISR;C:\Users\63929\AppData\Local\Microsoft\WindowsApps;C:\Users\63929\AppData\Local\Programs\Microsoft VS Code\bin;C:\xampp;C:\MinGW\bin;C:\Program Files (x86)\Inno Setup 6;C:\Program Files (x86)\GnuWin32\bin;C:\GnuWin32\bin;C:\Users\63929\AppData\Local\Programs\Python\Python311;C:\Users\63929\AppData\Local\Programs\Python\Python311\Scripts;C:\Users\63929\AppData\Local\Programs\Python\Python310;C:\Users\63929\Desktop\Programming\nssm-2.24\win64\nssm.exe;C:\Users\63929\AppData\Local\MiKTeX;C:\Users\63929\AppData\Roaming\npm;C:\Program Files\Java\jdk-18.0.2.1\bin
Check launcher:	C:\Program Files (x86)\VMware\VMware Player\bin\bin\javaw.exe (not found)
Check launcher:	C:\Program Files\Common Files\Oracle\Java\javapath\bin\javaw.exe (not found)
Check launcher:	C:\WINDOWS\system32\bin\javaw.exe (not found)
Check launcher:	C:\WINDOWS\bin\javaw.exe (not found)
Check launcher:	C:\WINDOWS\System32\Wbem\bin\javaw.exe (not found)
Check launcher:	C:\WINDOWS\System32\WindowsPowerShell\v1.0\bin\javaw.exe (not found)
Check launcher:	C:\WINDOWS\System32\OpenSSH\bin\javaw.exe (not found)
Check launcher:	C:\Program Files (x86)\NVIDIA Corporation\PhysX\Common\bin\javaw.exe (not found)
Check launcher:	C:\xampp\bin\javaw.exe (not found)
Check launcher:	C:\MinGW\bin\javaw.exe (not found)
Check launcher:	C:\Program Files\Git\cmd\bin\javaw.exe (not found)
Check launcher:	C:\xampp\php\bin\javaw.exe (not found)
Check launcher:	C:\Users\Default\AppData\Roaming\Composer\vendor\bin\javaw.exe (not found)
Check launcher:	C:\Program Files (x86)\Inno Setup 6\bin\javaw.exe (not found)
Check launcher:	C:\Program Files (x86)\Microsoft SQL Server\160\Tools\Binn\bin\javaw.exe (not found)
Check launcher:	C:\Program Files\Microsoft SQL Server\160\Tools\Binn\bin\javaw.exe (not found)
Check launcher:	C:\Program Files\Microsoft SQL Server\Client SDK\ODBC\170\Tools\Binn\bin\javaw.exe (not found)
Check launcher:	C:\Program Files\Microsoft SQL Server\160\DTS\Binn\bin\javaw.exe (not found)
Check launcher:	C:\Program Files (x86)\GnuWin32\bin\javaw.exe (not found)
Check launcher:	C:\GnuWin32\bin\javaw.exe (not found)
Check launcher:	C:\Users\63929\AppData\Local\Programs\Python\Python311\Scripts\bin\javaw.exe (not found)
Check launcher:	C:\Users\63929\AppData\Local\Programs\Python\Python310\bin\javaw.exe (not found)
Check launcher:	C:\Users\63929\Desktop\Programming\nssm-2.24\win64\nssm.exe\bin\javaw.exe (not found)
Check launcher:	C:\Program Files\dotnet\bin\javaw.exe (not found)
Check launcher:	C:\Users\63929\AppData\Local\MiKTeX\bin\javaw.exe (not found)
Check launcher:	C:\composer\bin\javaw.exe (not found)
Check launcher:	C:\Program Files\HP\HP One Agent\bin\javaw.exe (not found)
Check launcher:	C:\Program Files\nodejs\bin\javaw.exe (not found)
Check launcher:	C:\Program Files\NVIDIA Corporation\NVIDIA app\NvDLISR\bin\javaw.exe (not found)
Check launcher:	C:\Users\63929\AppData\Local\Microsoft\WindowsApps\bin\javaw.exe (not found)
Check launcher:	C:\Users\63929\AppData\Local\Programs\Microsoft VS Code\bin\javaw.exe (not found)
Check launcher:	C:\xampp\bin\javaw.exe (not found)
Check launcher:	C:\MinGW\bin\javaw.exe (not found)
Check launcher:	C:\Program Files (x86)\Inno Setup 6\bin\javaw.exe (not found)
Check launcher:	C:\Program Files (x86)\GnuWin32\bin\javaw.exe (not found)
Check launcher:	C:\GnuWin32\bin\javaw.exe (not found)
Check launcher:	C:\Users\63929\AppData\Local\Programs\Python\Python311\bin\javaw.exe (not found)
Check launcher:	C:\Users\63929\AppData\Local\Programs\Python\Python311\Scripts\bin\javaw.exe (not found)
Check launcher:	C:\Users\63929\AppData\Local\Programs\Python\Python310\bin\javaw.exe (not found)
Check launcher:	C:\Users\63929\Desktop\Programming\nssm-2.24\win64\nssm.exe\bin\javaw.exe (not found)
Check launcher:	C:\Users\63929\AppData\Local\MiKTeX\bin\javaw.exe (not found)
Check launcher:	C:\Users\63929\AppData\Roaming\npm\bin\javaw.exe (not found)
Check launcher:	C:\Program Files\Java\jdk-18.0.2.1\bin\javaw.exe (OK)
Check javac:	C:\Program Files\Java\jdk-18.0.2.1\bin\javac.exe (OK)
Warning:	formatJavaVersion() too many parts added.
Version string: 1.018.000_002 / 64-Bit (OK)
Launcher:	C:\Program Files\Java\jdk-18.0.2.1\bin\javaw.exe
Launcher args:	-jar "C:\Users\63929\Documents\NetBeansProjects\InventorySystem\inventory.exe"
Args length:	78/32768 chars
Exit code:	0


Version:	3.50
CmdLine:	C:\Users\63929\Documents\NetBeansProjects\InventorySystem\inventory.exe --l4j-debug
JNI:		No
WOW64:		Yes
Working dir:	C:\Users\63929\Documents\NetBeansProjects\InventorySystem\.
Requires JDK:	Yes
Requires 64-Bit: No
Java min ver:	1.000.004
Java max ver:	
Substitute:	JAVA_HOME = 
Substitute:	PATH = C:\Program Files (x86)\VMware\VMware Player\bin\;C:\Program Files\Common Files\Oracle\Java\javapath;C:\WINDOWS\system32;C:\WINDOWS;C:\WINDOWS\System32\Wbem;C:\WINDOWS\System32\WindowsPowerShell\v1.0\;C:\WINDOWS\System32\OpenSSH\;C:\Program Files (x86)\NVIDIA Corporation\PhysX\Common;C:\xampp;C:\MinGW\bin;C:\Program Files\Git\cmd;C:\xampp\php;C:\Users\Default\AppData\Roaming\Composer\vendor\bin;C:\Program Files (x86)\Inno Setup 6;C:\Program Files (x86)\Microsoft SQL Server\160\Tools\Binn\;C:\Program Files\Microsoft SQL Server\160\Tools\Binn\;C:\Program Files\Microsoft SQL Server\Client SDK\ODBC\170\Tools\Binn\;C:\Program Files\Microsoft SQL Server\160\DTS\Binn\;C:\Program Files (x86)\GnuWin32\bin;C:\GnuWin32\bin;C:\Users\63929\AppData\Local\Programs\Python\Python311\Scripts;C:\Users\63929\AppData\Local\Programs\Python\Python310;C:\Users\63929\Desktop\Programming\nssm-2.24\win64\nssm.exe;C:\Program Files\dotnet\;C:\Users\63929\AppData\Local\MiKTeX;C:\composer;C:\Program Files\HP\HP One Agent;C:\Program Files\nodejs\;C:\Program Files\NVIDIA Corporation\NVIDIA app\NvDLISR;C:\Users\63929\AppData\Local\Microsoft\WindowsApps;C:\Users\63929\AppData\Local\Programs\Microsoft VS Code\bin;C:\xampp;C:\MinGW\bin;C:\Program Files (x86)\Inno Setup 6;C:\Program Files (x86)\GnuWin32\bin;C:\GnuWin32\bin;C:\Users\63929\AppData\Local\Programs\Python\Python311;C:\Users\63929\AppData\Local\Programs\Python\Python311\Scripts;C:\Users\63929\AppData\Local\Programs\Python\Python310;C:\Users\63929\Desktop\Programming\nssm-2.24\win64\nssm.exe;C:\Users\63929\AppData\Local\MiKTeX;C:\Users\63929\AppData\Roaming\npm;C:\Program Files\Java\jdk-18.0.2.1\bin
JRE paths:	;C:\Program Files (x86)\VMware\VMware Player\bin\;C:\Program Files\Common Files\Oracle\Java\javapath;C:\WINDOWS\system32;C:\WINDOWS;C:\WINDOWS\System32\Wbem;C:\WINDOWS\System32\WindowsPowerShell\v1.0\;C:\WINDOWS\System32\OpenSSH\;C:\Program Files (x86)\NVIDIA Corporation\PhysX\Common;C:\xampp;C:\MinGW\bin;C:\Program Files\Git\cmd;C:\xampp\php;C:\Users\Default\AppData\Roaming\Composer\vendor\bin;C:\Program Files (x86)\Inno Setup 6;C:\Program Files (x86)\Microsoft SQL Server\160\Tools\Binn\;C:\Program Files\Microsoft SQL Server\160\Tools\Binn\;C:\Program Files\Microsoft SQL Server\Client SDK\ODBC\170\Tools\Binn\;C:\Program Files\Microsoft SQL Server\160\DTS\Binn\;C:\Program Files (x86)\GnuWin32\bin;C:\GnuWin32\bin;C:\Users\63929\AppData\Local\Programs\Python\Python311\Scripts;C:\Users\63929\AppData\Local\Programs\Python\Python310;C:\Users\63929\Desktop\Programming\nssm-2.24\win64\nssm.exe;C:\Program Files\dotnet\;C:\Users\63929\AppData\Local\MiKTeX;C:\composer;C:\Program Files\HP\HP One Agent;C:\Program Files\nodejs\;C:\Program Files\NVIDIA Corporation\NVIDIA app\NvDLISR;C:\Users\63929\AppData\Local\Microsoft\WindowsApps;C:\Users\63929\AppData\Local\Programs\Microsoft VS Code\bin;C:\xampp;C:\MinGW\bin;C:\Program Files (x86)\Inno Setup 6;C:\Program Files (x86)\GnuWin32\bin;C:\GnuWin32\bin;C:\Users\63929\AppData\Local\Programs\Python\Python311;C:\Users\63929\AppData\Local\Programs\Python\Python311\Scripts;C:\Users\63929\AppData\Local\Programs\Python\Python310;C:\Users\63929\Desktop\Programming\nssm-2.24\win64\nssm.exe;C:\Users\63929\AppData\Local\MiKTeX;C:\Users\63929\AppData\Roaming\npm;C:\Program Files\Java\jdk-18.0.2.1\bin
Check launcher:	C:\Program Files (x86)\VMware\VMware Player\bin\bin\javaw.exe (not found)
Check launcher:	C:\Program Files\Common Files\Oracle\Java\javapath\bin\javaw.exe (not found)
Check launcher:	C:\WINDOWS\system32\bin\javaw.exe (not found)
Check launcher:	C:\WINDOWS\bin\javaw.exe (not found)
Check launcher:	C:\WINDOWS\System32\Wbem\bin\javaw.exe (not found)
Check launcher:	C:\WINDOWS\System32\WindowsPowerShell\v1.0\bin\javaw.exe (not found)
Check launcher:	C:\WINDOWS\System32\OpenSSH\bin\javaw.exe (not found)
Check launcher:	C:\Program Files (x86)\NVIDIA Corporation\PhysX\Common\bin\javaw.exe (not found)
Check launcher:	C:\xampp\bin\javaw.exe (not found)
Check launcher:	C:\MinGW\bin\javaw.exe (not found)
Check launcher:	C:\Program Files\Git\cmd\bin\javaw.exe (not found)
Check launcher:	C:\xampp\php\bin\javaw.exe (not found)
Check launcher:	C:\Users\Default\AppData\Roaming\Composer\vendor\bin\javaw.exe (not found)
Check launcher:	C:\Program Files (x86)\Inno Setup 6\bin\javaw.exe (not found)
Check launcher:	C:\Program Files (x86)\Microsoft SQL Server\160\Tools\Binn\bin\javaw.exe (not found)
Check launcher:	C:\Program Files\Microsoft SQL Server\160\Tools\Binn\bin\javaw.exe (not found)
Check launcher:	C:\Program Files\Microsoft SQL Server\Client SDK\ODBC\170\Tools\Binn\bin\javaw.exe (not found)
Check launcher:	C:\Program Files\Microsoft SQL Server\160\DTS\Binn\bin\javaw.exe (not found)
Check launcher:	C:\Program Files (x86)\GnuWin32\bin\javaw.exe (not found)
Check launcher:	C:\GnuWin32\bin\javaw.exe (not found)
Check launcher:	C:\Users\63929\AppData\Local\Programs\Python\Python311\Scripts\bin\javaw.exe (not found)
Check launcher:	C:\Users\63929\AppData\Local\Programs\Python\Python310\bin\javaw.exe (not found)
Check launcher:	C:\Users\63929\Desktop\Programming\nssm-2.24\win64\nssm.exe\bin\javaw.exe (not found)
Check launcher:	C:\Program Files\dotnet\bin\javaw.exe (not found)
Check launcher:	C:\Users\63929\AppData\Local\MiKTeX\bin\javaw.exe (not found)
Check launcher:	C:\composer\bin\javaw.exe (not found)
Check launcher:	C:\Program Files\HP\HP One Agent\bin\javaw.exe (not found)
Check launcher:	C:\Program Files\nodejs\bin\javaw.exe (not found)
Check launcher:	C:\Program Files\NVIDIA Corporation\NVIDIA app\NvDLISR\bin\javaw.exe (not found)
Check launcher:	C:\Users\63929\AppData\Local\Microsoft\WindowsApps\bin\javaw.exe (not found)
Check launcher:	C:\Users\63929\AppData\Local\Programs\Microsoft VS Code\bin\javaw.exe (not found)
Check launcher:	C:\xampp\bin\javaw.exe (not found)
Check launcher:	C:\MinGW\bin\javaw.exe (not found)
Check launcher:	C:\Program Files (x86)\Inno Setup 6\bin\javaw.exe (not found)
Check launcher:	C:\Program Files (x86)\GnuWin32\bin\javaw.exe (not found)
Check launcher:	C:\GnuWin32\bin\javaw.exe (not found)
Check launcher:	C:\Users\63929\AppData\Local\Programs\Python\Python311\bin\javaw.exe (not found)
Check launcher:	C:\Users\63929\AppData\Local\Programs\Python\Python311\Scripts\bin\javaw.exe (not found)
Check launcher:	C:\Users\63929\AppData\Local\Programs\Python\Python310\bin\javaw.exe (not found)
Check launcher:	C:\Users\63929\Desktop\Programming\nssm-2.24\win64\nssm.exe\bin\javaw.exe (not found)
Check launcher:	C:\Users\63929\AppData\Local\MiKTeX\bin\javaw.exe (not found)
Check launcher:	C:\Users\63929\AppData\Roaming\npm\bin\javaw.exe (not found)
Check launcher:	C:\Program Files\Java\jdk-18.0.2.1\bin\javaw.exe (OK)
Check javac:	C:\Program Files\Java\jdk-18.0.2.1\bin\javac.exe (OK)
Warning:	formatJavaVersion() too many parts added.
Version string: 1.018.000_002 / 64-Bit (OK)
Launcher:	C:\Program Files\Java\jdk-18.0.2.1\bin\javaw.exe
Launcher args:	-jar "C:\Users\63929\Documents\NetBeansProjects\InventorySystem\inventory.exe"
Args length:	78/32768 chars
Exit code:	0


Version:	3.50
CmdLine:	C:\Users\63929\Documents\NetBeansProjects\InventorySystem\inventory.exe --l4j-debug
JNI:		No
WOW64:		Yes
Working dir:	C:\Users\63929\Documents\NetBeansProjects\InventorySystem\.
Requires JDK:	Yes
Requires 64-Bit: No
Java min ver:	1.000.004
Java max ver:	
Substitute:	JAVA_HOME = 
Substitute:	PATH = C:\Program Files (x86)\VMware\VMware Player\bin\;C:\Program Files\Common Files\Oracle\Java\javapath;C:\WINDOWS\system32;C:\WINDOWS;C:\WINDOWS\System32\Wbem;C:\WINDOWS\System32\WindowsPowerShell\v1.0\;C:\WINDOWS\System32\OpenSSH\;C:\Program Files (x86)\NVIDIA Corporation\PhysX\Common;C:\xampp;C:\MinGW\bin;C:\Program Files\Git\cmd;C:\xampp\php;C:\Users\Default\AppData\Roaming\Composer\vendor\bin;C:\Program Files (x86)\Inno Setup 6;C:\Program Files (x86)\Microsoft SQL Server\160\Tools\Binn\;C:\Program Files\Microsoft SQL Server\160\Tools\Binn\;C:\Program Files\Microsoft SQL Server\Client SDK\ODBC\170\Tools\Binn\;C:\Program Files\Microsoft SQL Server\160\DTS\Binn\;C:\Program Files (x86)\GnuWin32\bin;C:\GnuWin32\bin;C:\Users\63929\AppData\Local\Programs\Python\Python311\Scripts;C:\Users\63929\AppData\Local\Programs\Python\Python310;C:\Users\63929\Desktop\Programming\nssm-2.24\win64\nssm.exe;C:\Program Files\dotnet\;C:\Users\63929\AppData\Local\MiKTeX;C:\composer;C:\Program Files\HP\HP One Agent;C:\Program Files\nodejs\;C:\Program Files\NVIDIA Corporation\NVIDIA app\NvDLISR;C:\Users\63929\AppData\Local\Microsoft\WindowsApps;C:\Users\63929\AppData\Local\Programs\Microsoft VS Code\bin;C:\xampp;C:\MinGW\bin;C:\Program Files (x86)\Inno Setup 6;C:\Program Files (x86)\GnuWin32\bin;C:\GnuWin32\bin;C:\Users\63929\AppData\Local\Programs\Python\Python311;C:\Users\63929\AppData\Local\Programs\Python\Python311\Scripts;C:\Users\63929\AppData\Local\Programs\Python\Python310;C:\Users\63929\Desktop\Programming\nssm-2.24\win64\nssm.exe;C:\Users\63929\AppData\Local\MiKTeX;C:\Users\63929\AppData\Roaming\npm;C:\Program Files\Java\jdk-18.0.2.1\bin
JRE paths:	;C:\Program Files (x86)\VMware\VMware Player\bin\;C:\Program Files\Common Files\Oracle\Java\javapath;C:\WINDOWS\system32;C:\WINDOWS;C:\WINDOWS\System32\Wbem;C:\WINDOWS\System32\WindowsPowerShell\v1.0\;C:\WINDOWS\System32\OpenSSH\;C:\Program Files (x86)\NVIDIA Corporation\PhysX\Common;C:\xampp;C:\MinGW\bin;C:\Program Files\Git\cmd;C:\xampp\php;C:\Users\Default\AppData\Roaming\Composer\vendor\bin;C:\Program Files (x86)\Inno Setup 6;C:\Program Files (x86)\Microsoft SQL Server\160\Tools\Binn\;C:\Program Files\Microsoft SQL Server\160\Tools\Binn\;C:\Program Files\Microsoft SQL Server\Client SDK\ODBC\170\Tools\Binn\;C:\Program Files\Microsoft SQL Server\160\DTS\Binn\;C:\Program Files (x86)\GnuWin32\bin;C:\GnuWin32\bin;C:\Users\63929\AppData\Local\Programs\Python\Python311\Scripts;C:\Users\63929\AppData\Local\Programs\Python\Python310;C:\Users\63929\Desktop\Programming\nssm-2.24\win64\nssm.exe;C:\Program Files\dotnet\;C:\Users\63929\AppData\Local\MiKTeX;C:\composer;C:\Program Files\HP\HP One Agent;C:\Program Files\nodejs\;C:\Program Files\NVIDIA Corporation\NVIDIA app\NvDLISR;C:\Users\63929\AppData\Local\Microsoft\WindowsApps;C:\Users\63929\AppData\Local\Programs\Microsoft VS Code\bin;C:\xampp;C:\MinGW\bin;C:\Program Files (x86)\Inno Setup 6;C:\Program Files (x86)\GnuWin32\bin;C:\GnuWin32\bin;C:\Users\63929\AppData\Local\Programs\Python\Python311;C:\Users\63929\AppData\Local\Programs\Python\Python311\Scripts;C:\Users\63929\AppData\Local\Programs\Python\Python310;C:\Users\63929\Desktop\Programming\nssm-2.24\win64\nssm.exe;C:\Users\63929\AppData\Local\MiKTeX;C:\Users\63929\AppData\Roaming\npm;C:\Program Files\Java\jdk-18.0.2.1\bin
Check launcher:	C:\Program Files (x86)\VMware\VMware Player\bin\bin\javaw.exe (not found)
Check launcher:	C:\Program Files\Common Files\Oracle\Java\javapath\bin\javaw.exe (not found)
Check launcher:	C:\WINDOWS\system32\bin\javaw.exe (not found)
Check launcher:	C:\WINDOWS\bin\javaw.exe (not found)
Check launcher:	C:\WINDOWS\System32\Wbem\bin\javaw.exe (not found)
Check launcher:	C:\WINDOWS\System32\WindowsPowerShell\v1.0\bin\javaw.exe (not found)
Check launcher:	C:\WINDOWS\System32\OpenSSH\bin\javaw.exe (not found)
Check launcher:	C:\Program Files (x86)\NVIDIA Corporation\PhysX\Common\bin\javaw.exe (not found)
Check launcher:	C:\xampp\bin\javaw.exe (not found)
Check launcher:	C:\MinGW\bin\javaw.exe (not found)
Check launcher:	C:\Program Files\Git\cmd\bin\javaw.exe (not found)
Check launcher:	C:\xampp\php\bin\javaw.exe (not found)
Check launcher:	C:\Users\Default\AppData\Roaming\Composer\vendor\bin\javaw.exe (not found)
Check launcher:	C:\Program Files (x86)\Inno Setup 6\bin\javaw.exe (not found)
Check launcher:	C:\Program Files (x86)\Microsoft SQL Server\160\Tools\Binn\bin\javaw.exe (not found)
Check launcher:	C:\Program Files\Microsoft SQL Server\160\Tools\Binn\bin\javaw.exe (not found)
Check launcher:	C:\Program Files\Microsoft SQL Server\Client SDK\ODBC\170\Tools\Binn\bin\javaw.exe (not found)
Check launcher:	C:\Program Files\Microsoft SQL Server\160\DTS\Binn\bin\javaw.exe (not found)
Check launcher:	C:\Program Files (x86)\GnuWin32\bin\javaw.exe (not found)
Check launcher:	C:\GnuWin32\bin\javaw.exe (not found)
Check launcher:	C:\Users\63929\AppData\Local\Programs\Python\Python311\Scripts\bin\javaw.exe (not found)
Check launcher:	C:\Users\63929\AppData\Local\Programs\Python\Python310\bin\javaw.exe (not found)
Check launcher:	C:\Users\63929\Desktop\Programming\nssm-2.24\win64\nssm.exe\bin\javaw.exe (not found)
Check launcher:	C:\Program Files\dotnet\bin\javaw.exe (not found)
Check launcher:	C:\Users\63929\AppData\Local\MiKTeX\bin\javaw.exe (not found)
Check launcher:	C:\composer\bin\javaw.exe (not found)
Check launcher:	C:\Program Files\HP\HP One Agent\bin\javaw.exe (not found)
Check launcher:	C:\Program Files\nodejs\bin\javaw.exe (not found)
Check launcher:	C:\Program Files\NVIDIA Corporation\NVIDIA app\NvDLISR\bin\javaw.exe (not found)
Check launcher:	C:\Users\63929\AppData\Local\Microsoft\WindowsApps\bin\javaw.exe (not found)
Check launcher:	C:\Users\63929\AppData\Local\Programs\Microsoft VS Code\bin\javaw.exe (not found)
Check launcher:	C:\xampp\bin\javaw.exe (not found)
Check launcher:	C:\MinGW\bin\javaw.exe (not found)
Check launcher:	C:\Program Files (x86)\Inno Setup 6\bin\javaw.exe (not found)
Check launcher:	C:\Program Files (x86)\GnuWin32\bin\javaw.exe (not found)
Check launcher:	C:\GnuWin32\bin\javaw.exe (not found)
Check launcher:	C:\Users\63929\AppData\Local\Programs\Python\Python311\bin\javaw.exe (not found)
Check launcher:	C:\Users\63929\AppData\Local\Programs\Python\Python311\Scripts\bin\javaw.exe (not found)
Check launcher:	C:\Users\63929\AppData\Local\Programs\Python\Python310\bin\javaw.exe (not found)
Check launcher:	C:\Users\63929\Desktop\Programming\nssm-2.24\win64\nssm.exe\bin\javaw.exe (not found)
Check launcher:	C:\Users\63929\AppData\Local\MiKTeX\bin\javaw.exe (not found)
Check launcher:	C:\Users\63929\AppData\Roaming\npm\bin\javaw.exe (not found)
Check launcher:	C:\Program Files\Java\jdk-18.0.2.1\bin\javaw.exe (OK)
Check javac:	C:\Program Files\Java\jdk-18.0.2.1\bin\javac.exe (OK)
Warning:	formatJavaVersion() too many parts added.
Version string: 1.018.000_002 / 64-Bit (OK)
Launcher:	C:\Program Files\Java\jdk-18.0.2.1\bin\javaw.exe
Launcher args:	-jar "C:\Users\63929\Documents\NetBeansProjects\InventorySystem\inventory.exe"
Args length:	78/32768 chars
Exit code:	0


Version:	3.50
CmdLine:	C:\Users\63929\Documents\NetBeansProjects\InventorySystem\inventory.exe --l4j-debug
JNI:		No
WOW64:		Yes
Working dir:	C:\Users\63929\Documents\NetBeansProjects\InventorySystem\.
Requires JDK:	Yes
Requires 64-Bit: No
Java min ver:	1.000.004
Java max ver:	
Substitute:	JAVA_HOME = 
Substitute:	PATH = C:\Program Files (x86)\VMware\VMware Player\bin\;C:\Program Files\Common Files\Oracle\Java\javapath;C:\WINDOWS\system32;C:\WINDOWS;C:\WINDOWS\System32\Wbem;C:\WINDOWS\System32\WindowsPowerShell\v1.0\;C:\WINDOWS\System32\OpenSSH\;C:\Program Files (x86)\NVIDIA Corporation\PhysX\Common;C:\xampp;C:\MinGW\bin;C:\Program Files\Git\cmd;C:\xampp\php;C:\Users\Default\AppData\Roaming\Composer\vendor\bin;C:\Program Files (x86)\Inno Setup 6;C:\Program Files (x86)\Microsoft SQL Server\160\Tools\Binn\;C:\Program Files\Microsoft SQL Server\160\Tools\Binn\;C:\Program Files\Microsoft SQL Server\Client SDK\ODBC\170\Tools\Binn\;C:\Program Files\Microsoft SQL Server\160\DTS\Binn\;C:\Program Files (x86)\GnuWin32\bin;C:\GnuWin32\bin;C:\Users\63929\AppData\Local\Programs\Python\Python311\Scripts;C:\Users\63929\AppData\Local\Programs\Python\Python310;C:\Users\63929\Desktop\Programming\nssm-2.24\win64\nssm.exe;C:\Program Files\dotnet\;C:\Users\63929\AppData\Local\MiKTeX;C:\composer;C:\Program Files\HP\HP One Agent;C:\Program Files\nodejs\;C:\Program Files\NVIDIA Corporation\NVIDIA app\NvDLISR;C:\Users\63929\AppData\Local\Microsoft\WindowsApps;C:\Users\63929\AppData\Local\Programs\Microsoft VS Code\bin;C:\xampp;C:\MinGW\bin;C:\Program Files (x86)\Inno Setup 6;C:\Program Files (x86)\GnuWin32\bin;C:\GnuWin32\bin;C:\Users\63929\AppData\Local\Programs\Python\Python311;C:\Users\63929\AppData\Local\Programs\Python\Python311\Scripts;C:\Users\63929\AppData\Local\Programs\Python\Python310;C:\Users\63929\Desktop\Programming\nssm-2.24\win64\nssm.exe;C:\Users\63929\AppData\Local\MiKTeX;C:\Users\63929\AppData\Roaming\npm;C:\Program Files\Java\jdk-18.0.2.1\bin
JRE paths:	;C:\Program Files (x86)\VMware\VMware Player\bin\;C:\Program Files\Common Files\Oracle\Java\javapath;C:\WINDOWS\system32;C:\WINDOWS;C:\WINDOWS\System32\Wbem;C:\WINDOWS\System32\WindowsPowerShell\v1.0\;C:\WINDOWS\System32\OpenSSH\;C:\Program Files (x86)\NVIDIA Corporation\PhysX\Common;C:\xampp;C:\MinGW\bin;C:\Program Files\Git\cmd;C:\xampp\php;C:\Users\Default\AppData\Roaming\Composer\vendor\bin;C:\Program Files (x86)\Inno Setup 6;C:\Program Files (x86)\Microsoft SQL Server\160\Tools\Binn\;C:\Program Files\Microsoft SQL Server\160\Tools\Binn\;C:\Program Files\Microsoft SQL Server\Client SDK\ODBC\170\Tools\Binn\;C:\Program Files\Microsoft SQL Server\160\DTS\Binn\;C:\Program Files (x86)\GnuWin32\bin;C:\GnuWin32\bin;C:\Users\63929\AppData\Local\Programs\Python\Python311\Scripts;C:\Users\63929\AppData\Local\Programs\Python\Python310;C:\Users\63929\Desktop\Programming\nssm-2.24\win64\nssm.exe;C:\Program Files\dotnet\;C:\Users\63929\AppData\Local\MiKTeX;C:\composer;C:\Program Files\HP\HP One Agent;C:\Program Files\nodejs\;C:\Program Files\NVIDIA Corporation\NVIDIA app\NvDLISR;C:\Users\63929\AppData\Local\Microsoft\WindowsApps;C:\Users\63929\AppData\Local\Programs\Microsoft VS Code\bin;C:\xampp;C:\MinGW\bin;C:\Program Files (x86)\Inno Setup 6;C:\Program Files (x86)\GnuWin32\bin;C:\GnuWin32\bin;C:\Users\63929\AppData\Local\Programs\Python\Python311;C:\Users\63929\AppData\Local\Programs\Python\Python311\Scripts;C:\Users\63929\AppData\Local\Programs\Python\Python310;C:\Users\63929\Desktop\Programming\nssm-2.24\win64\nssm.exe;C:\Users\63929\AppData\Local\MiKTeX;C:\Users\63929\AppData\Roaming\npm;C:\Program Files\Java\jdk-18.0.2.1\bin
Check launcher:	C:\Program Files (x86)\VMware\VMware Player\bin\bin\javaw.exe (not found)
Check launcher:	C:\Program Files\Common Files\Oracle\Java\javapath\bin\javaw.exe (not found)
Check launcher:	C:\WINDOWS\system32\bin\javaw.exe (not found)
Check launcher:	C:\WINDOWS\bin\javaw.exe (not found)
Check launcher:	C:\WINDOWS\System32\Wbem\bin\javaw.exe (not found)
Check launcher:	C:\WINDOWS\System32\WindowsPowerShell\v1.0\bin\javaw.exe (not found)
Check launcher:	C:\WINDOWS\System32\OpenSSH\bin\javaw.exe (not found)
Check launcher:	C:\Program Files (x86)\NVIDIA Corporation\PhysX\Common\bin\javaw.exe (not found)
Check launcher:	C:\xampp\bin\javaw.exe (not found)
Check launcher:	C:\MinGW\bin\javaw.exe (not found)
Check launcher:	C:\Program Files\Git\cmd\bin\javaw.exe (not found)
Check launcher:	C:\xampp\php\bin\javaw.exe (not found)
Check launcher:	C:\Users\Default\AppData\Roaming\Composer\vendor\bin\javaw.exe (not found)
Check launcher:	C:\Program Files (x86)\Inno Setup 6\bin\javaw.exe (not found)
Check launcher:	C:\Program Files (x86)\Microsoft SQL Server\160\Tools\Binn\bin\javaw.exe (not found)
Check launcher:	C:\Program Files\Microsoft SQL Server\160\Tools\Binn\bin\javaw.exe (not found)
Check launcher:	C:\Program Files\Microsoft SQL Server\Client SDK\ODBC\170\Tools\Binn\bin\javaw.exe (not found)
Check launcher:	C:\Program Files\Microsoft SQL Server\160\DTS\Binn\bin\javaw.exe (not found)
Check launcher:	C:\Program Files (x86)\GnuWin32\bin\javaw.exe (not found)
Check launcher:	C:\GnuWin32\bin\javaw.exe (not found)
Check launcher:	C:\Users\63929\AppData\Local\Programs\Python\Python311\Scripts\bin\javaw.exe (not found)
Check launcher:	C:\Users\63929\AppData\Local\Programs\Python\Python310\bin\javaw.exe (not found)
Check launcher:	C:\Users\63929\Desktop\Programming\nssm-2.24\win64\nssm.exe\bin\javaw.exe (not found)
Check launcher:	C:\Program Files\dotnet\bin\javaw.exe (not found)
Check launcher:	C:\Users\63929\AppData\Local\MiKTeX\bin\javaw.exe (not found)
Check launcher:	C:\composer\bin\javaw.exe (not found)
Check launcher:	C:\Program Files\HP\HP One Agent\bin\javaw.exe (not found)
Check launcher:	C:\Program Files\nodejs\bin\javaw.exe (not found)
Check launcher:	C:\Program Files\NVIDIA Corporation\NVIDIA app\NvDLISR\bin\javaw.exe (not found)
Check launcher:	C:\Users\63929\AppData\Local\Microsoft\WindowsApps\bin\javaw.exe (not found)
Check launcher:	C:\Users\63929\AppData\Local\Programs\Microsoft VS Code\bin\javaw.exe (not found)
Check launcher:	C:\xampp\bin\javaw.exe (not found)
Check launcher:	C:\MinGW\bin\javaw.exe (not found)
Check launcher:	C:\Program Files (x86)\Inno Setup 6\bin\javaw.exe (not found)
Check launcher:	C:\Program Files (x86)\GnuWin32\bin\javaw.exe (not found)
Check launcher:	C:\GnuWin32\bin\javaw.exe (not found)
Check launcher:	C:\Users\63929\AppData\Local\Programs\Python\Python311\bin\javaw.exe (not found)
Check launcher:	C:\Users\63929\AppData\Local\Programs\Python\Python311\Scripts\bin\javaw.exe (not found)
Check launcher:	C:\Users\63929\AppData\Local\Programs\Python\Python310\bin\javaw.exe (not found)
Check launcher:	C:\Users\63929\Desktop\Programming\nssm-2.24\win64\nssm.exe\bin\javaw.exe (not found)
Check launcher:	C:\Users\63929\AppData\Local\MiKTeX\bin\javaw.exe (not found)
Check launcher:	C:\Users\63929\AppData\Roaming\npm\bin\javaw.exe (not found)
Check launcher:	C:\Program Files\Java\jdk-18.0.2.1\bin\javaw.exe (OK)
Check javac:	C:\Program Files\Java\jdk-18.0.2.1\bin\javac.exe (OK)
Warning:	formatJavaVersion() too many parts added.
Version string: 1.018.000_002 / 64-Bit (OK)
Launcher:	C:\Program Files\Java\jdk-18.0.2.1\bin\javaw.exe
Launcher args:	-jar "C:\Users\63929\Documents\NetBeansProjects\InventorySystem\inventory.exe"
Args length:	78/32768 chars
Exit code:	0
